INFO:Timing:3386 - Intersecting Constraints found and resolved.  For more 
   information, see the TSI report.  Please consult the Xilinx Command Line 
   Tools User Guide for information on generating a TSI report.

================================================================================
Timing constraint: TS_main_clk = PERIOD TIMEGRP "main_clk" 50 MHz HIGH 50%;
For more information, see Period Analysis in the Timing Closure User Guide (UG612).

 63 paths analyzed, 25 endpoints analyzed, 0 failing endpoints
 0 timing errors detected. (0 setup errors, 0 hold errors, 0 component switching limit errors)
 Minimum period is   6.000ns.
--------------------------------------------------------------------------------

================================================================================
Timing constraint: TS_usb_clk = PERIOD TIMEGRP "usb_clk" 62 MHz HIGH 50%;
For more information, see Period Analysis in the Timing Closure User Guide (UG612).

 19714 paths analyzed, 1927 endpoints analyzed, 0 failing endpoints
 0 timing errors detected. (0 setup errors, 0 hold errors, 0 component switching limit errors)
 Minimum period is  14.386ns.
--------------------------------------------------------------------------------

================================================================================
Timing constraint: PATH "TS_cart_loop_tig1_path" TIG;

 3548 paths analyzed, 16 endpoints analyzed, 0 failing endpoints
 0 timing errors detected. (0 setup errors, 0 hold errors)
--------------------------------------------------------------------------------

================================================================================
Timing constraint: TS_i_clkgen_clk_0_pre = PERIOD TIMEGRP "i_clkgen_clk_0_pre" 
TS_main_clk HIGH         50%;
For more information, see Period Analysis in the Timing Closure User Guide (UG612).

 7311753 paths analyzed, 21847 endpoints analyzed, 0 failing endpoints
 0 timing errors detected. (0 setup errors, 0 hold errors, 0 component switching limit errors)
 Minimum period is  19.938ns.
--------------------------------------------------------------------------------

================================================================================
Timing constraint: TS_i_clkgen_clk_2x_pre = PERIOD TIMEGRP 
"i_clkgen_clk_2x_pre" TS_main_clk * 2         HIGH 50%;
For more information, see Period Analysis in the Timing Closure User Guide (UG612).

 1 path analyzed, 1 endpoint analyzed, 0 failing endpoints
 0 timing errors detected. (0 setup errors, 0 hold errors, 0 component switching limit errors)
 Minimum period is   7.436ns.
--------------------------------------------------------------------------------

================================================================================
Timing constraint: TIMEGRP "usb_data" OFFSET = IN 4 ns BEFORE COMP 
"ULPI_CLOCK";
For more information, see Offset In Analysis in the Timing Closure User Guide (UG612).

 8 paths analyzed, 8 endpoints analyzed, 0 failing endpoints
 0 timing errors detected. (0 setup errors, 0 hold errors)
 Minimum allowable offset is   0.666ns.
--------------------------------------------------------------------------------

================================================================================
Timing constraint: TIMEGRP "usb_data" OFFSET = OUT 10.5 ns AFTER COMP 
"ULPI_CLOCK";
For more information, see Offset Out Analysis in the Timing Closure User Guide (UG612).

 8 paths analyzed, 8 endpoints analyzed, 0 failing endpoints
 0 timing errors detected.
 Minimum allowable offset is   9.206ns.
--------------------------------------------------------------------------------

================================================================================
Timing constraint: TIMEGRP "usb_control" OFFSET = IN 10.5 ns BEFORE COMP 
"ULPI_CLOCK";
For more information, see Offset In Analysis in the Timing Closure User Guide (UG612).

 394 paths analyzed, 134 endpoints analyzed, 0 failing endpoints
 0 timing errors detected. (0 setup errors, 0 hold errors)
 Minimum allowable offset is  10.263ns.
--------------------------------------------------------------------------------

================================================================================
Timing constraint: TIMEGRP "usb_control" OFFSET = OUT 10.5 ns AFTER COMP 
"ULPI_CLOCK";
For more information, see Offset Out Analysis in the Timing Closure User Guide (UG612).

 1 path analyzed, 1 endpoint analyzed, 0 failing endpoints
 0 timing errors detected.
 Minimum allowable offset is   6.762ns.
--------------------------------------------------------------------------------


Derived Constraint Report
Review Timing Report for more details on the following derived constraints.
To create a Timing Report, run "trce -v 12 -fastpaths -o design_timing_report design.ncd design.pcf"
or "Run Timing Analysis" from Timing Analyzer (timingan).
Derived Constraints for TS_main_clk
+-------------------------------+-------------+-------------+-------------+-------------+-------------+-------------+-------------+
|                               |   Period    |       Actual Period       |      Timing Errors        |      Paths Analyzed       |
|           Constraint          | Requirement |-------------+-------------|-------------+-------------|-------------+-------------|
|                               |             |   Direct    | Derivative  |   Direct    | Derivative  |   Direct    | Derivative  |
+-------------------------------+-------------+-------------+-------------+-------------+-------------+-------------+-------------+
|TS_main_clk                    |     20.000ns|      6.000ns|     19.938ns|            0|            0|           63|      7311754|
| TS_i_clkgen_clk_0_pre         |     20.000ns|     19.938ns|          N/A|            0|            0|      7311753|            0|
| TS_i_clkgen_clk_2x_pre        |     10.000ns|      7.436ns|          N/A|            0|            0|            1|            0|
+-------------------------------+-------------+-------------+-------------+-------------+-------------+-------------+-------------+

All constraints were met.



